2016-04-04 16:09:14,272 [main] INFO  org.eclipse.jetty.util.log - Logging initialized @2381753ms
2016-04-04 16:09:14,733 [main] INFO  org.eclipse.jetty.server.Server - jetty-9.2.13.v20150730
2016-04-04 16:09:14,923 [main] INFO  o.e.j.server.handler.ContextHandler - Started o.e.j.s.ServletContextHandler@75e91fc8{/wse,null,AVAILABLE}
2016-04-04 16:09:14,957 [main] INFO  o.e.jetty.server.ServerConnector - Started ServerConnector@48d41bbf{HTTP/1.1}{0.0.0.0:10003}
2016-04-04 16:09:14,958 [main] INFO  org.eclipse.jetty.server.Server - Started @2382542ms
2016-04-04 16:09:18,948 [qtp1983051708-389] WARN  o.e.jetty.servlet.ServletHandler - 
org.apache.jasper.JasperException: PWC6033: Error in Javac compilation for JSP
	at org.apache.jasper.JspCompilationContext.compile(JspCompilationContext.java:634) ~[na:na]
	at org.apache.jasper.servlet.JspServletWrapper.service(JspServletWrapper.java:374) ~[na:na]
	at org.apache.jasper.servlet.JspServlet.serviceJspFile(JspServlet.java:492) ~[na:na]
	at org.apache.jasper.servlet.JspServlet.service(JspServlet.java:378) ~[na:na]
	at javax.servlet.http.HttpServlet.service(HttpServlet.java:790) ~[javax.servlet_3.1.0.v201410161800.jar:3.1.0]
	at org.eclipse.equinox.jsp.jasper.JspServlet.service(JspServlet.java:155) ~[na:na]
	at javax.servlet.http.HttpServlet.service(HttpServlet.java:790) ~[javax.servlet_3.1.0.v201410161800.jar:3.1.0]
	at org.eclipse.equinox.http.registry.internal.ServletManager$ServletWrapper.service(ServletManager.java:180) ~[na:na]
	at org.eclipse.equinox.http.servlet.internal.HttpServiceRuntimeImpl$LegacyServlet.service(HttpServiceRuntimeImpl.java:1232) ~[na:na]
	at org.eclipse.equinox.http.servlet.internal.registration.EndpointRegistration.service(EndpointRegistration.java:153) ~[na:na]
	at org.eclipse.equinox.http.servlet.internal.servlet.ResponseStateHandler.processRequest(ResponseStateHandler.java:63) ~[na:na]
	at org.eclipse.equinox.http.servlet.internal.context.DispatchTargets.doDispatch(DispatchTargets.java:98) ~[na:na]
	at org.eclipse.equinox.http.servlet.internal.HttpServiceRuntimeImpl.doDispatch(HttpServiceRuntimeImpl.java:372) ~[na:na]
	at org.eclipse.equinox.http.servlet.internal.servlet.ProxyServlet.service(ProxyServlet.java:70) ~[na:na]
	at javax.servlet.http.HttpServlet.service(HttpServlet.java:790) ~[javax.servlet_3.1.0.v201410161800.jar:3.1.0]
	at org.eclipse.equinox.http.jetty.internal.HttpServerManager$InternalHttpServiceServlet.service(HttpServerManager.java:363) ~[org.eclipse.equinox.http.jetty_3.1.2.v20160115-1350.jar:na]
	at org.eclipse.jetty.servlet.ServletHolder.handle(ServletHolder.java:808) ~[org.eclipse.jetty.servlet_9.2.13.v20150730.jar:9.2.13.v20150730]
	at org.eclipse.jetty.servlet.ServletHandler.doHandle(ServletHandler.java:587) [org.eclipse.jetty.servlet_9.2.13.v20150730.jar:9.2.13.v20150730]
	at org.eclipse.jetty.server.session.SessionHandler.doHandle(SessionHandler.java:221) [org.eclipse.jetty.server_9.2.13.v20150730.jar:9.2.13.v20150730]
	at org.eclipse.jetty.server.handler.ContextHandler.doHandle(ContextHandler.java:1127) [org.eclipse.jetty.server_9.2.13.v20150730.jar:9.2.13.v20150730]
	at org.eclipse.jetty.servlet.ServletHandler.doScope(ServletHandler.java:515) [org.eclipse.jetty.servlet_9.2.13.v20150730.jar:9.2.13.v20150730]
	at org.eclipse.jetty.server.session.SessionHandler.doScope(SessionHandler.java:185) [org.eclipse.jetty.server_9.2.13.v20150730.jar:9.2.13.v20150730]
	at org.eclipse.jetty.server.handler.ContextHandler.doScope(ContextHandler.java:1061) [org.eclipse.jetty.server_9.2.13.v20150730.jar:9.2.13.v20150730]
	at org.eclipse.jetty.server.handler.ScopedHandler.handle(ScopedHandler.java:141) [org.eclipse.jetty.server_9.2.13.v20150730.jar:9.2.13.v20150730]
	at org.eclipse.jetty.server.handler.HandlerWrapper.handle(HandlerWrapper.java:97) [org.eclipse.jetty.server_9.2.13.v20150730.jar:9.2.13.v20150730]
	at org.eclipse.jetty.server.Server.handle(Server.java:499) [org.eclipse.jetty.server_9.2.13.v20150730.jar:9.2.13.v20150730]
	at org.eclipse.jetty.server.HttpChannel.handle(HttpChannel.java:310) [org.eclipse.jetty.server_9.2.13.v20150730.jar:9.2.13.v20150730]
	at org.eclipse.jetty.server.HttpConnection.onFillable(HttpConnection.java:257) [org.eclipse.jetty.server_9.2.13.v20150730.jar:9.2.13.v20150730]
	at org.eclipse.jetty.io.AbstractConnection$2.run(AbstractConnection.java:540) [org.eclipse.jetty.io_9.2.13.v20150730.jar:9.2.13.v20150730]
	at org.eclipse.jetty.util.thread.QueuedThreadPool.runJob(QueuedThreadPool.java:635) [org.eclipse.jetty.util_9.2.13.v20150730.jar:9.2.13.v20150730]
	at org.eclipse.jetty.util.thread.QueuedThreadPool$3.run(QueuedThreadPool.java:555) [org.eclipse.jetty.util_9.2.13.v20150730.jar:9.2.13.v20150730]
	at java.lang.Thread.run(Unknown Source) [na:1.8.0_77]
Caused by: java.io.IOException: tmpFile.renameTo(classFile) failed
	at org.apache.jasper.compiler.SmapUtil$SDEInstaller.install(SmapUtil.java:239) ~[na:na]
	at org.apache.jasper.compiler.SmapUtil.installSmap(SmapUtil.java:162) ~[na:na]
	at org.apache.jasper.compiler.Compiler.generateClass(Compiler.java:406) ~[na:na]
	at org.apache.jasper.compiler.Compiler.compile(Compiler.java:453) ~[na:na]
	at org.apache.jasper.JspCompilationContext.compile(JspCompilationContext.java:625) ~[na:na]
	... 31 common frames omitted
2016-04-04 18:15:31,246 [Framework stop] INFO  o.e.jetty.server.ServerConnector - Stopped ServerConnector@48d41bbf{HTTP/1.1}{0.0.0.0:0}
2016-04-04 18:15:31,293 [Framework stop] INFO  o.e.j.server.handler.ContextHandler - Stopped o.e.j.s.ServletContextHandler@75e91fc8{/wse,null,UNAVAILABLE}
